
2025/01/20 (10:17:05) | ===> btop++ v.1.4.0
2025/01/20 (10:17:05) | WARNING: NVML: Failed to get maximum GPU power draw, defaulting to 225W: Not Supported
2025/01/20 (10:17:05) | WARNING: Intel GPU: Failed to initialize PMU

2025/01/31 (13:49:34) | ===> btop++ v.1.4.0
2025/01/31 (13:49:34) | WARNING: NVML: Failed to get maximum GPU power draw, defaulting to 225W: Not Supported
2025/01/31 (13:49:34) | WARNING: Intel GPU: Failed to initialize PMU

2025/02/03 (01:58:51) | ===> btop++ v.1.4.0
2025/02/03 (01:58:51) | WARNING: NVML: Failed to get maximum GPU power draw, defaulting to 225W: Not Supported
2025/02/03 (01:58:51) | WARNING: Intel GPU: Failed to initialize PMU

2025/02/09 (11:02:35) | ===> btop++ v.1.4.0
2025/02/09 (11:02:35) | WARNING: NVML: Failed to get maximum GPU power draw, defaulting to 225W: Not Supported
2025/02/09 (11:02:35) | WARNING: Intel GPU: Failed to initialize PMU

2025/02/09 (14:23:24) | ===> btop++ v.1.4.0
2025/02/09 (14:23:24) | WARNING: NVML: Failed to get maximum GPU power draw, defaulting to 225W: Not Supported
2025/02/09 (14:23:24) | WARNING: Intel GPU: Failed to initialize PMU

2025/02/09 (14:24:21) | ===> btop++ v.1.4.0
2025/02/09 (14:24:21) | WARNING: NVML: Failed to get maximum GPU power draw, defaulting to 225W: Not Supported
2025/02/09 (14:24:21) | WARNING: Intel GPU: Failed to initialize PMU

2025/02/09 (14:24:48) | ===> btop++ v.1.4.0
2025/02/09 (14:24:48) | WARNING: NVML: Failed to get maximum GPU power draw, defaulting to 225W: Not Supported
2025/02/09 (14:24:48) | WARNING: Intel GPU: Failed to initialize PMU

2025/02/10 (12:48:28) | ===> btop++ v.1.4.0
2025/02/10 (12:48:28) | WARNING: NVML: Failed to get maximum GPU power draw, defaulting to 225W: Not Supported
2025/02/10 (12:48:28) | WARNING: Intel GPU: Failed to initialize PMU

2025/02/10 (18:29:07) | ===> btop++ v.1.4.0
2025/02/10 (18:29:07) | WARNING: NVML: Failed to get maximum GPU power draw, defaulting to 225W: Not Supported
2025/02/10 (18:29:07) | WARNING: Intel GPU: Failed to initialize PMU

2025/02/15 (23:03:19) | ===> btop++ v.1.4.0
2025/02/15 (23:03:19) | WARNING: NVML: Failed to get maximum GPU power draw, defaulting to 225W: Not Supported
2025/02/15 (23:03:19) | WARNING: Intel GPU: Failed to initialize PMU

2025/02/18 (15:02:54) | ===> btop++ v.1.4.0
2025/02/18 (15:02:54) | WARNING: NVML: Failed to get maximum GPU power draw, defaulting to 225W: Not Supported
2025/02/18 (15:02:54) | WARNING: Intel GPU: Failed to initialize PMU

2025/02/18 (15:03:35) | ===> btop++ v.1.4.0
2025/02/18 (15:03:35) | WARNING: NVML: Failed to get maximum GPU power draw, defaulting to 225W: Not Supported
2025/02/18 (15:03:35) | WARNING: Intel GPU: Failed to initialize PMU

2025/03/18 (13:15:22) | ===> btop++ v.1.4.0
2025/03/18 (13:15:22) | WARNING: NVML: Failed to get maximum GPU power draw, defaulting to 225W: Not Supported
2025/03/18 (13:15:22) | WARNING: Intel GPU: Failed to initialize PMU
2025/03/18 (13:22:51) | ERROR: Couldn't determine terminal size of "STDOUT_FILENO"!
2025/03/18 (13:22:51) | ERROR: Couldn't determine terminal size of "/dev/tty"!

2025/03/20 (15:35:21) | ===> btop++ v.1.4.0
2025/03/20 (15:35:21) | WARNING: NVML: Failed to get maximum GPU power draw, defaulting to 225W: Not Supported
2025/03/20 (15:35:21) | WARNING: Intel GPU: Failed to initialize PMU

2025/03/23 (01:37:43) | ===> btop++ v.1.4.0
2025/03/23 (01:37:43) | WARNING: NVML: Failed to get maximum GPU power draw, defaulting to 225W: Not Supported
2025/03/23 (01:37:43) | WARNING: Intel GPU: Failed to initialize PMU

2025/03/23 (10:27:26) | ===> btop++ v.1.4.0
2025/03/23 (10:27:26) | WARNING: NVML: Failed to get maximum GPU power draw, defaulting to 225W: Not Supported
2025/03/23 (10:27:26) | WARNING: Intel GPU: Failed to initialize PMU

2025/03/26 (13:42:27) | ===> btop++ v.1.4.0
2025/03/26 (13:42:27) | WARNING: NVML: Failed to get maximum GPU power draw, defaulting to 225W: Not Supported
2025/03/26 (13:42:27) | WARNING: Intel GPU: Failed to initialize PMU

2025/03/26 (14:28:30) | ===> btop++ v.1.4.0
2025/03/26 (14:28:30) | WARNING: NVML: Failed to get maximum GPU power draw, defaulting to 225W: Not Supported
2025/03/26 (14:28:30) | WARNING: Intel GPU: Failed to initialize PMU

2025/03/27 (13:44:15) | ===> btop++ v.1.4.0
2025/03/27 (13:44:15) | WARNING: NVML: Failed to get maximum GPU power draw, defaulting to 225W: Not Supported
2025/03/27 (13:44:15) | WARNING: Intel GPU: Failed to initialize PMU

2025/04/13 (12:51:58) | ===> btop++ v.1.4.0
2025/04/13 (12:51:58) | WARNING: Failed to set locale en_GB.UTF-8 continuing anyway.
2025/04/13 (12:51:58) | WARNING: NVML: Failed to get maximum GPU power draw, defaulting to 225W: Not Supported
2025/04/13 (12:51:58) | WARNING: Intel GPU: Failed to initialize PMU

2025/04/14 (21:59:15) | ===> btop++ v.1.4.0
2025/04/14 (21:59:15) | WARNING: Failed to set locale en_GB.UTF-8 continuing anyway.
2025/04/14 (21:59:16) | WARNING: NVML: Failed to get maximum GPU power draw, defaulting to 225W: Not Supported
2025/04/14 (21:59:16) | WARNING: Intel GPU: Failed to initialize PMU

2025/04/16 (16:14:43) | ===> btop++ v.1.4.0
2025/04/16 (16:14:43) | WARNING: Failed to set locale en_GB.UTF-8 continuing anyway.
2025/04/16 (16:14:43) | WARNING: NVML: Failed to get maximum GPU power draw, defaulting to 225W: Not Supported
2025/04/16 (16:14:43) | WARNING: Intel GPU: Failed to initialize PMU

2025/04/18 (13:10:25) | ===> btop++ v.1.4.0
2025/04/18 (13:10:25) | WARNING: Failed to set locale en_GB.UTF-8 continuing anyway.
2025/04/18 (13:10:25) | WARNING: NVML: Failed to get maximum GPU power draw, defaulting to 225W: Not Supported
2025/04/18 (13:10:25) | WARNING: Intel GPU: Failed to initialize PMU

2025/04/18 (22:49:31) | ===> btop++ v.1.4.0
2025/04/18 (22:49:31) | WARNING: Failed to set locale en_GB.UTF-8 continuing anyway.
2025/04/18 (22:49:31) | WARNING: NVML: Failed to get maximum GPU power draw, defaulting to 225W: Not Supported
2025/04/18 (22:49:31) | WARNING: Intel GPU: Failed to initialize PMU

2025/04/18 (22:52:25) | ===> btop++ v.1.4.0
2025/04/18 (22:52:25) | WARNING: Failed to set locale en_GB.UTF-8 continuing anyway.
2025/04/18 (22:52:25) | WARNING: NVML: Failed to get maximum GPU power draw, defaulting to 225W: Not Supported
2025/04/18 (22:52:25) | WARNING: Intel GPU: Failed to initialize PMU

2025/04/18 (23:10:30) | ===> btop++ v.1.4.0
2025/04/18 (23:10:30) | WARNING: Failed to set locale en_GB.UTF-8 continuing anyway.
2025/04/18 (23:10:30) | WARNING: NVML: Failed to get maximum GPU power draw, defaulting to 225W: Not Supported
2025/04/18 (23:10:30) | WARNING: Intel GPU: Failed to initialize PMU

2025/04/19 (16:50:32) | ===> btop++ v.1.4.0
2025/04/19 (16:50:32) | WARNING: Failed to set locale en_GB.UTF-8 continuing anyway.
2025/04/19 (16:50:33) | WARNING: NVML: Failed to get maximum GPU power draw, defaulting to 225W: Not Supported
2025/04/19 (16:50:33) | WARNING: Intel GPU: Failed to initialize PMU

2025/04/19 (17:36:49) | ===> btop++ v.1.4.0
2025/04/19 (17:36:49) | WARNING: Failed to set locale en_GB.UTF-8 continuing anyway.
2025/04/19 (17:36:49) | WARNING: NVML: Failed to get maximum GPU power draw, defaulting to 225W: Not Supported
2025/04/19 (17:36:49) | WARNING: Intel GPU: Failed to initialize PMU

2025/04/19 (19:15:03) | ===> btop++ v.1.4.0
2025/04/19 (19:15:03) | WARNING: Failed to set locale en_GB.UTF-8 continuing anyway.
2025/04/19 (19:15:03) | WARNING: NVML: Failed to get maximum GPU power draw, defaulting to 225W: Not Supported
2025/04/19 (19:15:03) | WARNING: Intel GPU: Failed to initialize PMU

2025/04/19 (19:17:28) | ===> btop++ v.1.4.0
2025/04/19 (19:17:28) | WARNING: Failed to set locale en_GB.UTF-8 continuing anyway.
2025/04/19 (19:17:28) | WARNING: NVML: Failed to get maximum GPU power draw, defaulting to 225W: Not Supported
2025/04/19 (19:17:28) | WARNING: Intel GPU: Failed to initialize PMU

2025/04/19 (19:24:59) | ===> btop++ v.1.4.0
2025/04/19 (19:24:59) | WARNING: Failed to set locale en_GB.UTF-8 continuing anyway.
2025/04/19 (19:24:59) | WARNING: NVML: Failed to get maximum GPU power draw, defaulting to 225W: Not Supported
2025/04/19 (19:24:59) | WARNING: Intel GPU: Failed to initialize PMU

2025/04/20 (14:29:11) | ===> btop++ v.1.4.0
2025/04/20 (14:29:11) | WARNING: Failed to set locale en_GB.UTF-8 continuing anyway.
2025/04/20 (14:29:11) | WARNING: NVML: Failed to get maximum GPU power draw, defaulting to 225W: Not Supported
2025/04/20 (14:29:11) | WARNING: Intel GPU: Failed to initialize PMU

2025/04/20 (14:46:29) | ===> btop++ v.1.4.0
2025/04/20 (14:46:29) | WARNING: Failed to set locale en_GB.UTF-8 continuing anyway.
2025/04/20 (14:46:30) | WARNING: NVML: Failed to get maximum GPU power draw, defaulting to 225W: Not Supported
2025/04/20 (14:46:30) | WARNING: Intel GPU: Failed to initialize PMU
2025/04/20 (14:52:11) | ERROR: Stall in Runner thread, restarting!

2025/04/20 (14:55:51) | ===> btop++ v.1.4.0
2025/04/20 (14:55:51) | WARNING: Failed to set locale en_GB.UTF-8 continuing anyway.
2025/04/20 (14:55:51) | WARNING: NVML: Failed to get maximum GPU power draw, defaulting to 225W: Not Supported
2025/04/20 (14:55:51) | WARNING: Intel GPU: Failed to initialize PMU

2025/04/20 (15:01:33) | ===> btop++ v.1.4.0
2025/04/20 (15:01:33) | WARNING: Failed to set locale en_GB.UTF-8 continuing anyway.
2025/04/20 (15:01:33) | WARNING: NVML: Failed to get maximum GPU power draw, defaulting to 225W: Not Supported
2025/04/20 (15:01:33) | WARNING: Intel GPU: Failed to initialize PMU

2025/04/20 (15:03:16) | ===> btop++ v.1.4.0
2025/04/20 (15:03:16) | WARNING: Failed to set locale en_GB.UTF-8 continuing anyway.
2025/04/20 (15:03:16) | WARNING: NVML: Failed to get maximum GPU power draw, defaulting to 225W: Not Supported
2025/04/20 (15:03:16) | WARNING: Intel GPU: Failed to initialize PMU

2025/04/20 (15:37:09) | ===> btop++ v.1.4.0
2025/04/20 (15:37:09) | WARNING: Failed to set locale en_GB.UTF-8 continuing anyway.
2025/04/20 (15:37:09) | WARNING: NVML: Failed to get maximum GPU power draw, defaulting to 225W: Not Supported
2025/04/20 (15:37:09) | WARNING: Intel GPU: Failed to initialize PMU
